<?xml version="1.0" encoding="UTF-8"?>
<!-- Generated by org.testng.reporters.JUnitReportReporter -->
<testsuite hostname="LAPTOP-KFVL9Q09" failures="0" tests="1" name="script.OrangeHRMLoginTestGrid" time="10.347" errors="0" timestamp="2025-07-21T05:24:48 IST" skipped="0">
  <testcase classname="script.OrangeHRMLoginTestGrid" name="testLogin" time="10.347"/>
  <system-out/>
</testsuite> <!-- script.OrangeHRMLoginTestGrid -->
