<?xml version="1.0" encoding="UTF-8"?>
<!-- Generated by org.testng.reporters.JUnitReportReporter -->
<testsuite hostname="LAPTOP-KFVL9Q09" failures="0" tests="1" name="script.LoginPageTest" time="5.486" errors="0" timestamp="2025-07-21T03:14:38 IST" skipped="0">
  <testcase classname="script.LoginPageTest" name="verifyLoginPageTitle" time="5.486"/>
  <system-out/>
</testsuite> <!-- script.LoginPageTest -->
